<?xml version="1.0" encoding="UTF-8"?>
<!-- Generated by org.testng.reporters.JUnitReportReporter -->
<testsuite hostname="QJ08041111" failures="0" tests="1" name="com.pack.GoogleSearchTest" time="13.230" errors="0" timestamp="2021-08-05T19:22:18 CDT" skipped="0">
  <testcase classname="com.pack.GoogleSearchTest" name="test" time="13.230"/>
  <system-out/>
</testsuite> <!-- com.pack.GoogleSearchTest -->
